<?xml version="1.0" encoding="UTF-8"?>
<!-- Generated by org.testng.reporters.JUnitReportReporter -->
<testsuite hostname="DESKTOP-6M9GUQS" failures="0" tests="1" name="com.trifacta.Trifacta_Automation.ProductVersionTest" time="213.599" errors="0" timestamp="05 Aug 2020 16:55:05 GMT" skipped="0">
  <testcase classname="com.trifacta.Trifacta_Automation.ProductVersionTest" name="productVersion" time="213.599"/>
</testsuite> <!-- com.trifacta.Trifacta_Automation.ProductVersionTest -->
